{"/Users/aleksandrmaletin/Sites/3d/src/actions/brandActions.ts": {"path":"/Users/aleksandrmaletin/Sites/3d/src/actions/brandActions.ts","statementMap":{"0":{"start":{"line":2,"column":0},"end":{"line":null,"column":-1}},"1":{"start":{"line":4,"column":32},"end":{"line":4,"column":7}},"2":{"start":{"line":5,"column":34},"end":{"line":5,"column":7}},"3":{"start":{"line":6,"column":31},"end":{"line":6,"column":7}},"4":{"start":{"line":8,"column":23},"end":{"line":8,"column":0}},"5":{"start":{"line":9,"column":2},"end":{"line":null,"column":-1}},"6":{"start":{"line":15,"column":26},"end":{"line":15,"column":7}},"7":{"start":{"line":15,"column":26},"end":{"line":null,"column":-1}},"8":{"start":{"line":16,"column":2},"end":{"line":null,"column":-1}},"9":{"start":{"line":17,"column":2},"end":{"line":null,"column":-1}},"10":{"start":{"line":18,"column":12},"end":{"line":null,"column":-1}},"11":{"start":{"line":19,"column":9},"end":{"line":null,"column":-1}}},"fnMap":{"0":{"name":"getBrandsStart","decl":{"start":{"line":8,"column":6},"end":{"line":8,"column":23}},"loc":{"start":{"line":8,"column":29},"end":{"line":8,"column":0}}},"1":{"name":"loadBrands","decl":{"start":{"line":15,"column":13},"end":{"line":15,"column":26}},"loc":{"start":{"line":15,"column":26},"end":{"line":15,"column":7}}},"2":{"name":"(anonymous_2)","decl":{"start":{"line":15,"column":32},"end":{"line":15,"column":32}},"loc":{"start":{"line":15,"column":56},"end":{"line":15,"column":26}}},"3":{"name":"(anonymous_3)","decl":{"start":{"line":18,"column":4},"end":{"line":18,"column":3}},"loc":{"start":{"line":18,"column":12},"end":{"line":17,"column":9}}},"4":{"name":"(anonymous_4)","decl":{"start":{"line":19,"column":4},"end":{"line":19,"column":3}},"loc":{"start":{"line":19,"column":9},"end":{"line":17,"column":9}}}},"branchMap":{},"s":{"0":0,"1":0,"2":0,"3":0,"4":0,"5":0,"6":0,"7":0,"8":0,"9":0,"10":0,"11":0},"f":{"0":0,"1":0,"2":0,"3":0,"4":0},"b":{}}
,"/Users/aleksandrmaletin/Sites/3d/src/actions/productActions.ts": {"path":"/Users/aleksandrmaletin/Sites/3d/src/actions/productActions.ts","statementMap":{"0":{"start":{"line":2,"column":0},"end":{"line":null,"column":-1}},"1":{"start":{"line":5,"column":34},"end":{"line":5,"column":7}},"2":{"start":{"line":6,"column":36},"end":{"line":6,"column":7}},"3":{"start":{"line":7,"column":33},"end":{"line":7,"column":7}},"4":{"start":{"line":9,"column":32},"end":{"line":9,"column":7}},"5":{"start":{"line":10,"column":2},"end":{"line":null,"column":-1}},"6":{"start":{"line":12,"column":34},"end":{"line":12,"column":7}},"7":{"start":{"line":13,"column":2},"end":{"line":null,"column":-1}},"8":{"start":{"line":15,"column":31},"end":{"line":15,"column":7}},"9":{"start":{"line":16,"column":2},"end":{"line":null,"column":-1}},"10":{"start":{"line":19,"column":28},"end":{"line":19,"column":7}},"11":{"start":{"line":19,"column":28},"end":{"line":null,"column":-1}},"12":{"start":{"line":20,"column":2},"end":{"line":null,"column":-1}},"13":{"start":{"line":21,"column":2},"end":{"line":null,"column":-1}},"14":{"start":{"line":23,"column":6},"end":{"line":null,"column":-1}},"15":{"start":{"line":25,"column":9},"end":{"line":null,"column":-1}}},"fnMap":{"0":{"name":"getProductsStart","decl":{"start":{"line":9,"column":13},"end":{"line":9,"column":32}},"loc":{"start":{"line":9,"column":38},"end":{"line":9,"column":7}}},"1":{"name":"getProductsSuccess","decl":{"start":{"line":12,"column":13},"end":{"line":12,"column":34}},"loc":{"start":{"line":12,"column":44},"end":{"line":12,"column":7}}},"2":{"name":"getProductsFail","decl":{"start":{"line":15,"column":13},"end":{"line":15,"column":31}},"loc":{"start":{"line":15,"column":42},"end":{"line":15,"column":7}}},"3":{"name":"loadProducts","decl":{"start":{"line":19,"column":13},"end":{"line":19,"column":28}},"loc":{"start":{"line":19,"column":28},"end":{"line":19,"column":7}}},"4":{"name":"(anonymous_4)","decl":{"start":{"line":19,"column":52},"end":{"line":19,"column":52}},"loc":{"start":{"line":19,"column":76},"end":{"line":19,"column":28}}},"5":{"name":"(anonymous_5)","decl":{"start":{"line":22,"column":4},"end":{"line":22,"column":4}},"loc":{"start":{"line":22,"column":18},"end":{"line":21,"column":9}}},"6":{"name":"(anonymous_6)","decl":{"start":{"line":25,"column":4},"end":{"line":25,"column":3}},"loc":{"start":{"line":25,"column":9},"end":{"line":21,"column":9}}}},"branchMap":{},"s":{"0":0,"1":0,"2":0,"3":0,"4":0,"5":0,"6":0,"7":0,"8":0,"9":0,"10":0,"11":0,"12":0,"13":0,"14":0,"15":0},"f":{"0":0,"1":0,"2":0,"3":0,"4":0,"5":0,"6":0},"b":{}}
,"/Users/aleksandrmaletin/Sites/3d/src/lib/api.ts": {"path":"/Users/aleksandrmaletin/Sites/3d/src/lib/api.ts","statementMap":{"0":{"start":{"line":1,"column":0},"end":{"line":null,"column":-1}},"1":{"start":{"line":2,"column":0},"end":{"line":null,"column":-1}},"2":{"start":{"line":4,"column":22},"end":{"line":4,"column":7}},"3":{"start":{"line":9,"column":23},"end":{"line":9,"column":7}},"4":{"start":{"line":9,"column":23},"end":{"line":null,"column":-1}},"5":{"start":{"line":9,"column":26},"end":{"line":null,"column":-1}}},"fnMap":{"0":{"name":"(anonymous_7)","decl":{"start":{"line":9,"column":23},"end":{"line":null,"column":-1}},"loc":{"start":{"line":9,"column":23},"end":{"line":9,"column":6}}},"1":{"name":"_callee","decl":{"start":{"line":9,"column":26},"end":{"line":9,"column":32}},"loc":{"start":{"line":9,"column":26},"end":{"line":9,"column":23}}},"2":{"name":"_callee$","decl":{"start":{"line":9,"column":26},"end":{"line":null,"column":-1}},"loc":{"start":{"line":9,"column":26},"end":{"line":null,"column":-1}}},"3":{"name":"getFromAPI","decl":{"start":{"line":9,"column":13},"end":{"line":9,"column":23}},"loc":{"start":{"line":9,"column":23},"end":{"line":null,"column":-1}}}},"branchMap":{"0":{"loc":{"start":{"line":9,"column":26},"end":{"line":null,"column":-1}},"type":"switch","locations":[{"start":{"line":9,"column":26},"end":{"line":null,"column":-1}},{"start":{"line":9,"column":26},"end":{"line":null,"column":-1}},{"start":{"line":9,"column":26},"end":{"line":null,"column":-1}},{"start":{"line":9,"column":26},"end":{"line":null,"column":-1}}]}},"s":{"0":0,"1":0,"2":0,"3":0,"4":0,"5":0},"f":{"0":0,"1":0,"2":0,"3":0},"b":{"0":[0,0,0,0]}}
,"/Users/aleksandrmaletin/Sites/3d/src/lib/services.ts": {"path":"/Users/aleksandrmaletin/Sites/3d/src/lib/services.ts","statementMap":{"0":{"start":{"line":1,"column":0},"end":{"line":null,"column":-1}},"1":{"start":{"line":4,"column":29},"end":{"line":4,"column":7}},"2":{"start":{"line":5,"column":2},"end":{"line":null,"column":-1}},"3":{"start":{"line":13,"column":27},"end":{"line":13,"column":7}},"4":{"start":{"line":14,"column":2},"end":{"line":null,"column":-1}}},"fnMap":{"0":{"name":"fetchProducts","decl":{"start":{"line":4,"column":13},"end":{"line":4,"column":29}},"loc":{"start":{"line":4,"column":53},"end":{"line":4,"column":7}}},"1":{"name":"fetchBrands","decl":{"start":{"line":13,"column":13},"end":{"line":13,"column":27}},"loc":{"start":{"line":13,"column":33},"end":{"line":13,"column":7}}}},"branchMap":{},"s":{"0":0,"1":0,"2":0,"3":0,"4":0},"f":{"0":0,"1":0},"b":{}}
,"/Users/aleksandrmaletin/Sites/3d/src/lib/with-redux-store.tsx": {"path":"/Users/aleksandrmaletin/Sites/3d/src/lib/with-redux-store.tsx","statementMap":{"0":{"start":{"line":1,"column":0},"end":{"line":null,"column":-1}},"1":{"start":{"line":3,"column":0},"end":{"line":null,"column":-1}},"2":{"start":{"line":5,"column":17},"end":{"line":5,"column":0}},"3":{"start":{"line":6,"column":29},"end":{"line":6,"column":0}},"4":{"start":{"line":10,"column":2},"end":{"line":8,"column":41}},"5":{"start":{"line":11,"column":4},"end":{"line":null,"column":-1}},"6":{"start":{"line":15,"column":2},"end":{"line":17,"column":3}},"7":{"start":{"line":16,"column":4},"end":{"line":null,"column":-1}},"8":{"start":{"line":18,"column":2},"end":{"line":null,"column":-1}},"9":{"start":{"line":22,"column":2},"end":{"line":null,"column":-1}},"10":{"start":{"line":26,"column":12},"end":{"line":22,"column":2}},"11":{"start":{"line":29,"column":6},"end":{"line":null,"column":-1}},"12":{"start":{"line":31,"column":10},"end":{"line":22,"column":2}},"13":{"start":{"line":33,"column":8},"end":{"line":22,"column":2}},"14":{"start":{"line":42,"column":24},"end":{"line":null,"column":-1}},"15":{"start":{"line":43,"column":6},"end":{"line":null,"column":-1}},"16":{"start":{"line":44,"column":6},"end":{"line":null,"column":-1}},"17":{"start":{"line":48,"column":6},"end":{"line":null,"column":-1}}},"fnMap":{"0":{"name":"getOrCreateStore","decl":{"start":{"line":8,"column":9},"end":{"line":8,"column":0}},"loc":{"start":{"line":8,"column":41},"end":{"line":19,"column":1}}},"1":{"name":"(anonymous_28)","decl":{"start":{"line":22,"column":2},"end":{"line":null,"column":-1}},"loc":{"start":{"line":22,"column":2},"end":{"line":22,"column":35}}},"2":{"name":"_callee","decl":{"start":{"line":22,"column":2},"end":{"line":23,"column":33}},"loc":{"start":{"line":22,"column":2},"end":{"line":null,"column":-1}}},"3":{"name":"AppWithRedux","decl":{"start":{"line":42,"column":4},"end":{"line":42,"column":16}},"loc":{"start":{"line":42,"column":24},"end":{"line":45,"column":5}}},"4":{"name":"render","decl":{"start":{"line":22,"column":2},"end":{"line":47,"column":13}},"loc":{"start":{"line":47,"column":14},"end":{"line":49,"column":5}}}},"branchMap":{"0":{"loc":{"start":{"line":10,"column":2},"end":{"line":8,"column":41}},"type":"if","locations":[{"start":{"line":10,"column":2},"end":{"line":8,"column":41}},{"start":{"line":10,"column":2},"end":{"line":8,"column":41}}]},"1":{"loc":{"start":{"line":15,"column":2},"end":{"line":17,"column":3}},"type":"if","locations":[{"start":{"line":15,"column":2},"end":{"line":17,"column":3}},{"start":{"line":15,"column":2},"end":{"line":17,"column":3}}]},"2":{"loc":{"start":{"line":22,"column":2},"end":{"line":null,"column":-1}},"type":"switch","locations":[{"start":{"line":22,"column":2},"end":{"line":null,"column":-1}},{"start":{"line":22,"column":2},"end":{"line":null,"column":-1}},{"start":{"line":22,"column":2},"end":{"line":null,"column":-1}},{"start":{"line":22,"column":2},"end":{"line":null,"column":-1}},{"start":{"line":22,"column":2},"end":{"line":null,"column":-1}}]},"3":{"loc":{"start":{"line":22,"column":2},"end":{"line":null,"column":-1}},"type":"if","locations":[{"start":{"line":22,"column":2},"end":{"line":null,"column":-1}},{"start":{"line":22,"column":2},"end":{"line":null,"column":-1}}]}},"s":{"0":0,"1":0,"2":0,"3":0,"4":0,"5":0,"6":0,"7":0,"8":0,"9":0,"10":0,"11":0,"12":0,"13":0,"14":0,"15":0,"16":0,"17":0},"f":{"0":0,"1":0,"2":0,"3":0,"4":0},"b":{"0":[0,0],"1":[0,0],"2":[0,0,0,0,0],"3":[0,0]}}
,"/Users/aleksandrmaletin/Sites/3d/src/reducers/brandReducer.ts": {"path":"/Users/aleksandrmaletin/Sites/3d/src/reducers/brandReducer.ts","statementMap":{"0":{"start":{"line":1,"column":0},"end":{"line":null,"column":-1}},"1":{"start":{"line":3,"column":0},"end":{"line":null,"column":-1}},"2":{"start":{"line":8,"column":0},"end":{"line":null,"column":-1}},"3":{"start":{"line":11,"column":34},"end":{"line":11,"column":0}},"4":{"start":{"line":16,"column":45},"end":{"line":16,"column":0}},"5":{"start":{"line":16,"column":79},"end":{"line":16,"column":78}},"6":{"start":{"line":16,"column":79},"end":{"line":null,"column":-1}},"7":{"start":{"line":17,"column":2},"end":{"line":null,"column":-1}},"8":{"start":{"line":19,"column":6},"end":{"line":null,"column":-1}},"9":{"start":{"line":23,"column":21},"end":{"line":23,"column":6}},"10":{"start":{"line":24,"column":6},"end":{"line":null,"column":-1}},"11":{"start":{"line":29,"column":6},"end":{"line":null,"column":-1}},"12":{"start":{"line":30,"column":6},"end":{"line":null,"column":-1}},"13":{"start":{"line":33,"column":13},"end":{"line":null,"column":-1}}},"fnMap":{"0":{"name":"brandsReducer","decl":{"start":{"line":16,"column":6},"end":{"line":16,"column":45}},"loc":{"start":{"line":16,"column":79},"end":{"line":16,"column":0}}}},"branchMap":{"0":{"loc":{"start":{"line":16,"column":79},"end":{"line":16,"column":53}},"type":"cond-expr","locations":[{"start":{"line":16,"column":79},"end":{"line":16,"column":53}},{"start":{"line":16,"column":54},"end":{"line":16,"column":79}}]},"1":{"loc":{"start":{"line":16,"column":79},"end":{"line":16,"column":53}},"type":"binary-expr","locations":[{"start":{"line":16,"column":79},"end":{"line":16,"column":53}},{"start":{"line":16,"column":79},"end":{"line":16,"column":53}}]},"2":{"loc":{"start":{"line":16,"column":79},"end":{"line":null,"column":-1}},"type":"cond-expr","locations":[{"start":{"line":16,"column":79},"end":{"line":null,"column":-1}},{"start":{"line":16,"column":79},"end":{"line":null,"column":-1}}]},"3":{"loc":{"start":{"line":18,"column":4},"end":{"line":19,"column":6}},"type":"switch","locations":[{"start":{"line":18,"column":4},"end":{"line":19,"column":6}},{"start":{"line":22,"column":4},"end":{"line":24,"column":6}},{"start":{"line":28,"column":4},"end":{"line":30,"column":6}},{"start":{"line":33,"column":4},"end":{"line":33,"column":13}}]}},"s":{"0":0,"1":0,"2":0,"3":0,"4":0,"5":0,"6":0,"7":0,"8":0,"9":0,"10":0,"11":0,"12":0,"13":0},"f":{"0":0},"b":{"0":[0,0],"1":[0,0],"2":[0,0],"3":[0,0,0,0]}}
,"/Users/aleksandrmaletin/Sites/3d/src/reducers/index.ts": {"path":"/Users/aleksandrmaletin/Sites/3d/src/reducers/index.ts","statementMap":{"0":{"start":{"line":1,"column":0},"end":{"line":null,"column":-1}},"1":{"start":{"line":3,"column":0},"end":{"line":null,"column":-1}},"2":{"start":{"line":4,"column":0},"end":{"line":null,"column":-1}},"3":{"start":{"line":5,"column":0},"end":{"line":null,"column":-1}},"4":{"start":{"line":7,"column":44},"end":{"line":7,"column":7}}},"fnMap":{},"branchMap":{},"s":{"0":0,"1":0,"2":0,"3":0,"4":0},"f":{},"b":{}}
,"/Users/aleksandrmaletin/Sites/3d/src/reducers/productReducer.ts": {"path":"/Users/aleksandrmaletin/Sites/3d/src/reducers/productReducer.ts","statementMap":{"0":{"start":{"line":1,"column":0},"end":{"line":null,"column":-1}},"1":{"start":{"line":3,"column":0},"end":{"line":null,"column":-1}},"2":{"start":{"line":8,"column":0},"end":{"line":null,"column":-1}},"3":{"start":{"line":10,"column":0},"end":{"line":null,"column":-1}},"4":{"start":{"line":12,"column":36},"end":{"line":12,"column":0}},"5":{"start":{"line":17,"column":48},"end":{"line":17,"column":0}},"6":{"start":{"line":17,"column":82},"end":{"line":17,"column":81}},"7":{"start":{"line":17,"column":82},"end":{"line":null,"column":-1}},"8":{"start":{"line":18,"column":2},"end":{"line":null,"column":-1}},"9":{"start":{"line":20,"column":6},"end":{"line":null,"column":-1}},"10":{"start":{"line":22,"column":23},"end":{"line":22,"column":6}},"11":{"start":{"line":23,"column":6},"end":{"line":null,"column":-1}},"12":{"start":{"line":29,"column":6},"end":{"line":null,"column":-1}},"13":{"start":{"line":30,"column":6},"end":{"line":null,"column":-1}},"14":{"start":{"line":31,"column":13},"end":{"line":null,"column":-1}}},"fnMap":{"0":{"name":"productReducer","decl":{"start":{"line":17,"column":6},"end":{"line":17,"column":48}},"loc":{"start":{"line":17,"column":82},"end":{"line":17,"column":0}}}},"branchMap":{"0":{"loc":{"start":{"line":17,"column":82},"end":{"line":17,"column":56}},"type":"cond-expr","locations":[{"start":{"line":17,"column":82},"end":{"line":17,"column":56}},{"start":{"line":17,"column":57},"end":{"line":17,"column":82}}]},"1":{"loc":{"start":{"line":17,"column":82},"end":{"line":17,"column":56}},"type":"binary-expr","locations":[{"start":{"line":17,"column":82},"end":{"line":17,"column":56}},{"start":{"line":17,"column":82},"end":{"line":17,"column":56}}]},"2":{"loc":{"start":{"line":17,"column":82},"end":{"line":null,"column":-1}},"type":"cond-expr","locations":[{"start":{"line":17,"column":82},"end":{"line":null,"column":-1}},{"start":{"line":17,"column":82},"end":{"line":null,"column":-1}}]},"3":{"loc":{"start":{"line":19,"column":4},"end":{"line":20,"column":6}},"type":"switch","locations":[{"start":{"line":19,"column":4},"end":{"line":20,"column":6}},{"start":{"line":21,"column":4},"end":{"line":23,"column":6}},{"start":{"line":28,"column":4},"end":{"line":30,"column":6}},{"start":{"line":31,"column":4},"end":{"line":31,"column":13}}]}},"s":{"0":0,"1":0,"2":0,"3":0,"4":0,"5":0,"6":0,"7":0,"8":0,"9":0,"10":0,"11":0,"12":0,"13":0,"14":0},"f":{"0":0},"b":{"0":[0,0],"1":[0,0],"2":[0,0],"3":[0,0,0,0]}}
,"/Users/aleksandrmaletin/Sites/3d/src/reducers/uiReducer.ts": {"path":"/Users/aleksandrmaletin/Sites/3d/src/reducers/uiReducer.ts","statementMap":{"0":{"start":{"line":2,"column":0},"end":{"line":null,"column":-1}},"1":{"start":{"line":10,"column":30},"end":{"line":10,"column":0}},"2":{"start":{"line":14,"column":37},"end":{"line":14,"column":0}},"3":{"start":{"line":14,"column":71},"end":{"line":14,"column":70}},"4":{"start":{"line":14,"column":71},"end":{"line":null,"column":-1}},"5":{"start":{"line":15,"column":2},"end":{"line":null,"column":-1}},"6":{"start":{"line":17,"column":6},"end":{"line":null,"column":-1}},"7":{"start":{"line":22,"column":6},"end":{"line":null,"column":-1}},"8":{"start":{"line":26,"column":6},"end":{"line":null,"column":-1}}},"fnMap":{"0":{"name":"uiReducer","decl":{"start":{"line":14,"column":6},"end":{"line":14,"column":37}},"loc":{"start":{"line":14,"column":71},"end":{"line":14,"column":0}}}},"branchMap":{"0":{"loc":{"start":{"line":14,"column":71},"end":{"line":14,"column":45}},"type":"cond-expr","locations":[{"start":{"line":14,"column":71},"end":{"line":14,"column":45}},{"start":{"line":14,"column":46},"end":{"line":14,"column":71}}]},"1":{"loc":{"start":{"line":14,"column":71},"end":{"line":14,"column":45}},"type":"binary-expr","locations":[{"start":{"line":14,"column":71},"end":{"line":14,"column":45}},{"start":{"line":14,"column":71},"end":{"line":14,"column":45}}]},"2":{"loc":{"start":{"line":14,"column":71},"end":{"line":null,"column":-1}},"type":"cond-expr","locations":[{"start":{"line":14,"column":71},"end":{"line":null,"column":-1}},{"start":{"line":14,"column":71},"end":{"line":null,"column":-1}}]},"3":{"loc":{"start":{"line":16,"column":4},"end":{"line":17,"column":6}},"type":"switch","locations":[{"start":{"line":16,"column":4},"end":{"line":17,"column":6}},{"start":{"line":20,"column":4},"end":{"line":null,"column":-1}},{"start":{"line":21,"column":4},"end":{"line":22,"column":6}},{"start":{"line":25,"column":4},"end":{"line":26,"column":6}}]}},"s":{"0":0,"1":0,"2":0,"3":0,"4":0,"5":0,"6":0,"7":0,"8":0},"f":{"0":0},"b":{"0":[0,0],"1":[0,0],"2":[0,0],"3":[0,0,0,0]}}
,"/Users/aleksandrmaletin/Sites/3d/src/reducers/utils.ts": {"path":"/Users/aleksandrmaletin/Sites/3d/src/reducers/utils.ts","statementMap":{"0":{"start":{"line":7,"column":31},"end":{"line":7,"column":7}},"1":{"start":{"line":8,"column":2},"end":{"line":null,"column":-1}},"2":{"start":{"line":9,"column":4},"end":{"line":null,"column":-1}}},"fnMap":{"0":{"name":"processProducts","decl":{"start":{"line":7,"column":13},"end":{"line":7,"column":31}},"loc":{"start":{"line":7,"column":77},"end":{"line":7,"column":7}}},"1":{"name":"(anonymous_1)","decl":{"start":{"line":8,"column":27},"end":{"line":8,"column":27}},"loc":{"start":{"line":8,"column":53},"end":{"line":8,"column":9}}}},"branchMap":{"0":{"loc":{"start":{"line":20,"column":15},"end":{"line":20,"column":14}},"type":"binary-expr","locations":[{"start":{"line":20,"column":15},"end":{"line":20,"column":14}},{"start":{"line":20,"column":34},"end":{"line":9,"column":11}}]}},"s":{"0":0,"1":0,"2":0},"f":{"0":0,"1":0},"b":{"0":[0,0]}}
,"/Users/aleksandrmaletin/Sites/3d/src/store/configureStore.ts": {"path":"/Users/aleksandrmaletin/Sites/3d/src/store/configureStore.ts","statementMap":{"0":{"start":{"line":1,"column":0},"end":{"line":null,"column":-1}},"1":{"start":{"line":2,"column":0},"end":{"line":null,"column":-1}},"2":{"start":{"line":3,"column":0},"end":{"line":null,"column":-1}},"3":{"start":{"line":5,"column":0},"end":{"line":null,"column":-1}},"4":{"start":{"line":7,"column":15},"end":{"line":null,"column":-1}}},"fnMap":{},"branchMap":{},"s":{"0":0,"1":0,"2":0,"3":0,"4":0},"f":{},"b":{}}
}
