TN:
SF:/Users/aleksandrmaletin/Sites/3d/src/actions/brandActions.ts
FN:8,getBrandsStart
FN:15,loadBrands
FN:15,(anonymous_2)
FN:18,(anonymous_3)
FN:19,(anonymous_4)
FNF:5
FNH:0
FNDA:0,getBrandsStart
FNDA:0,loadBrands
FNDA:0,(anonymous_2)
FNDA:0,(anonymous_3)
FNDA:0,(anonymous_4)
DA:2,0
DA:4,0
DA:5,0
DA:6,0
DA:8,0
DA:9,0
DA:15,0
DA:16,0
DA:17,0
DA:18,0
DA:19,0
LF:11
LH:0
BRF:0
BRH:0
end_of_record
TN:
SF:/Users/aleksandrmaletin/Sites/3d/src/actions/productActions.ts
FN:9,getProductsStart
FN:12,getProductsSuccess
FN:15,getProductsFail
FN:19,loadProducts
FN:19,(anonymous_4)
FN:22,(anonymous_5)
FN:25,(anonymous_6)
FNF:7
FNH:0
FNDA:0,getProductsStart
FNDA:0,getProductsSuccess
FNDA:0,getProductsFail
FNDA:0,loadProducts
FNDA:0,(anonymous_4)
FNDA:0,(anonymous_5)
FNDA:0,(anonymous_6)
DA:2,0
DA:5,0
DA:6,0
DA:7,0
DA:9,0
DA:10,0
DA:12,0
DA:13,0
DA:15,0
DA:16,0
DA:19,0
DA:20,0
DA:21,0
DA:23,0
DA:25,0
LF:15
LH:0
BRF:0
BRH:0
end_of_record
TN:
SF:/Users/aleksandrmaletin/Sites/3d/src/lib/api.ts
FN:9,(anonymous_7)
FN:9,_callee
FN:9,_callee$
FN:9,getFromAPI
FNF:4
FNH:0
FNDA:0,(anonymous_7)
FNDA:0,_callee
FNDA:0,_callee$
FNDA:0,getFromAPI
DA:1,0
DA:2,0
DA:4,0
DA:9,0
LF:4
LH:0
BRDA:9,0,0,0
BRDA:9,0,1,0
BRDA:9,0,2,0
BRDA:9,0,3,0
BRF:4
BRH:0
end_of_record
TN:
SF:/Users/aleksandrmaletin/Sites/3d/src/lib/services.ts
FN:4,fetchProducts
FN:13,fetchBrands
FNF:2
FNH:0
FNDA:0,fetchProducts
FNDA:0,fetchBrands
DA:1,0
DA:4,0
DA:5,0
DA:13,0
DA:14,0
LF:5
LH:0
BRF:0
BRH:0
end_of_record
TN:
SF:/Users/aleksandrmaletin/Sites/3d/src/lib/with-redux-store.tsx
FN:8,getOrCreateStore
FN:22,(anonymous_28)
FN:22,_callee
FN:42,AppWithRedux
FN:22,render
FNF:5
FNH:0
FNDA:0,getOrCreateStore
FNDA:0,(anonymous_28)
FNDA:0,_callee
FNDA:0,AppWithRedux
FNDA:0,render
DA:1,0
DA:3,0
DA:5,0
DA:6,0
DA:10,0
DA:11,0
DA:15,0
DA:16,0
DA:18,0
DA:22,0
DA:26,0
DA:29,0
DA:31,0
DA:33,0
DA:42,0
DA:43,0
DA:44,0
DA:48,0
LF:18
LH:0
BRDA:10,0,0,0
BRDA:10,0,1,0
BRDA:15,1,0,0
BRDA:15,1,1,0
BRDA:22,2,0,0
BRDA:22,2,1,0
BRDA:22,2,2,0
BRDA:22,2,3,0
BRDA:22,2,4,0
BRDA:22,3,0,0
BRDA:22,3,1,0
BRF:11
BRH:0
end_of_record
TN:
SF:/Users/aleksandrmaletin/Sites/3d/src/reducers/brandReducer.ts
FN:16,brandsReducer
FNF:1
FNH:0
FNDA:0,brandsReducer
DA:1,0
DA:3,0
DA:8,0
DA:11,0
DA:16,0
DA:17,0
DA:19,0
DA:23,0
DA:24,0
DA:29,0
DA:30,0
DA:33,0
LF:12
LH:0
BRDA:16,0,0,0
BRDA:16,0,1,0
BRDA:16,1,0,0
BRDA:16,1,1,0
BRDA:16,2,0,0
BRDA:16,2,1,0
BRDA:18,3,0,0
BRDA:18,3,1,0
BRDA:18,3,2,0
BRDA:18,3,3,0
BRF:10
BRH:0
end_of_record
TN:
SF:/Users/aleksandrmaletin/Sites/3d/src/reducers/index.ts
FNF:0
FNH:0
DA:1,0
DA:3,0
DA:4,0
DA:5,0
DA:7,0
LF:5
LH:0
BRF:0
BRH:0
end_of_record
TN:
SF:/Users/aleksandrmaletin/Sites/3d/src/reducers/productReducer.ts
FN:17,productReducer
FNF:1
FNH:0
FNDA:0,productReducer
DA:1,0
DA:3,0
DA:8,0
DA:10,0
DA:12,0
DA:17,0
DA:18,0
DA:20,0
DA:22,0
DA:23,0
DA:29,0
DA:30,0
DA:31,0
LF:13
LH:0
BRDA:17,0,0,0
BRDA:17,0,1,0
BRDA:17,1,0,0
BRDA:17,1,1,0
BRDA:17,2,0,0
BRDA:17,2,1,0
BRDA:19,3,0,0
BRDA:19,3,1,0
BRDA:19,3,2,0
BRDA:19,3,3,0
BRF:10
BRH:0
end_of_record
TN:
SF:/Users/aleksandrmaletin/Sites/3d/src/reducers/uiReducer.ts
FN:14,uiReducer
FNF:1
FNH:0
FNDA:0,uiReducer
DA:2,0
DA:10,0
DA:14,0
DA:15,0
DA:17,0
DA:22,0
DA:26,0
LF:7
LH:0
BRDA:14,0,0,0
BRDA:14,0,1,0
BRDA:14,1,0,0
BRDA:14,1,1,0
BRDA:14,2,0,0
BRDA:14,2,1,0
BRDA:16,3,0,0
BRDA:16,3,1,0
BRDA:16,3,2,0
BRDA:16,3,3,0
BRF:10
BRH:0
end_of_record
TN:
SF:/Users/aleksandrmaletin/Sites/3d/src/reducers/utils.ts
FN:7,processProducts
FN:8,(anonymous_1)
FNF:2
FNH:0
FNDA:0,processProducts
FNDA:0,(anonymous_1)
DA:7,0
DA:8,0
DA:9,0
LF:3
LH:0
BRDA:20,0,0,0
BRDA:20,0,1,0
BRF:2
BRH:0
end_of_record
TN:
SF:/Users/aleksandrmaletin/Sites/3d/src/store/configureStore.ts
FNF:0
FNH:0
DA:1,0
DA:2,0
DA:3,0
DA:5,0
DA:7,0
LF:5
LH:0
BRF:0
BRH:0
end_of_record
